<results>
	<unknown file='TestCase_Televisions_G_results.xml'>Missing Files to do the compare</unknown>
</results>
